# JRE version: OpenJDK Runtime Environment Microsoft-8035246 (17.0.8+7) (build 17.0.8+7-LTS)
# Java VM: OpenJDK 64-Bit Server VM Microsoft-8035246 (17.0.8+7-LTS, mixed mode, sharing, tiered, compressed oops, compressed class ptrs, g1 gc, windows-amd64)
GC Precious Log:
 CPUs: 8 total, 8 available
 Memory: 16230M
 Large Page Support: Disabled
 NUMA Support: Disabled
 Compressed Oops: Enabled (32-bit)
 Heap Region Size: 1M
 Heap Min Capacity: 8M
 Heap Initial Capacity: 254M
 Heap Max Capacity: 2G
 Pre-touch: Disabled
 Parallel Workers: 8
 Concurrent Workers: 2
 Concurrent Refinement Workers: 8
 Periodic GC: Disabled
Heap:
 garbage-first heap   total 275456K, used 221769K [0x0000000080000000, 0x0000000100000000)
  region size 1024K, 60 young (61440K), 5 survivors (5120K)
 Metaspace       used 103656K, committed 104640K, reserved 557056K
  class space    used 14535K, committed 15040K, reserved 425984K
GC Heap History (20 events):
Event: 23.773 GC heap before
{Heap before GC invocations=37 (full 0):
 garbage-first heap   total 249856K, used 196430K [0x0000000080000000, 0x0000000100000000)
  region size 1024K, 101 young (103424K), 10 survivors (10240K)
 Metaspace       used 91316K, committed 92160K, reserved 557056K
  class space    used 12950K, committed 13376K, reserved 425984K
}
Event: 23.784 GC heap after
{Heap after GC invocations=38 (full 0):
 garbage-first heap   total 249856K, used 111067K [0x0000000080000000, 0x0000000100000000)
  region size 1024K, 12 young (12288K), 12 survivors (12288K)
 Metaspace       used 91316K, committed 92160K, reserved 557056K
  class space    used 12950K, committed 13376K, reserved 425984K
}
Event: 25.291 GC heap before
{Heap before GC invocations=38 (full 0):
 garbage-first heap   total 249856K, used 204251K [0x0000000080000000, 0x0000000100000000)
  region size 1024K, 98 young (100352K), 12 survivors (12288K)
 Metaspace       used 93318K, committed 94208K, reserved 557056K
  class space    used 13215K, committed 13632K, reserved 425984K
}
Event: 25.305 GC heap after
{Heap after GC invocations=39 (full 0):
 garbage-first heap   total 249856K, used 131072K [0x0000000080000000, 0x0000000100000000)
  region size 1024K, 13 young (13312K), 13 survivors (13312K)
 Metaspace       used 93318K, committed 94208K, reserved 557056K
  class space    used 13215K, committed 13632K, reserved 425984K
}
Event: 26.471 GC heap before
{Heap before GC invocations=39 (full 0):
 garbage-first heap   total 249856K, used 196608K [0x0000000080000000, 0x0000000100000000)
  region size 1024K, 78 young (79872K), 13 survivors (13312K)
 Metaspace       used 95203K, committed 96192K, reserved 557056K
  class space    used 13429K, committed 13888K, reserved 425984K
}
Event: 26.481 GC heap after
{Heap after GC invocations=40 (full 0):
 garbage-first heap   total 249856K, used 140544K [0x0000000080000000, 0x0000000100000000)
  region size 1024K, 10 young (10240K), 10 survivors (10240K)
 Metaspace       used 95203K, committed 96192K, reserved 557056K
  class space    used 13429K, committed 13888K, reserved 425984K
}
Event: 27.443 GC heap before
{Heap before GC invocations=41 (full 0):
 garbage-first heap   total 249856K, used 200960K [0x0000000080000000, 0x0000000100000000)
  region size 1024K, 68 young (69632K), 10 survivors (10240K)
 Metaspace       used 98160K, committed 99136K, reserved 557056K
  class space    used 13900K, committed 14336K, reserved 425984K
}
Event: 27.453 GC heap after
{Heap after GC invocations=42 (full 0):
 garbage-first heap   total 249856K, used 150378K [0x0000000080000000, 0x0000000100000000)
  region size 1024K, 8 young (8192K), 8 survivors (8192K)
 Metaspace       used 98160K, committed 99136K, reserved 557056K
  class space    used 13900K, committed 14336K, reserved 425984K
}
Event: 27.534 GC heap before
{Heap before GC invocations=42 (full 0):
 garbage-first heap   total 249856K, used 154474K [0x0000000080000000, 0x0000000100000000)
  region size 1024K, 12 young (12288K), 8 survivors (8192K)
 Metaspace       used 98440K, committed 99456K, reserved 557056K
  class space    used 13935K, committed 14400K, reserved 425984K
}
Event: 27.540 GC heap after
{Heap after GC invocations=43 (full 0):
 garbage-first heap   total 249856K, used 150039K [0x0000000080000000, 0x0000000100000000)
  region size 1024K, 2 young (2048K), 2 survivors (2048K)
 Metaspace       used 98440K, committed 99456K, reserved 557056K
  class space    used 13935K, committed 14400K, reserved 425984K
}
Event: 28.522 GC heap before
{Heap before GC invocations=43 (full 0):
 garbage-first heap   total 249856K, used 204311K [0x0000000080000000, 0x0000000100000000)
  region size 1024K, 55 young (56320K), 2 survivors (2048K)
 Metaspace       used 101914K, committed 102912K, reserved 557056K
  class space    used 14338K, committed 14784K, reserved 425984K
}
Event: 28.528 GC heap after
{Heap after GC invocations=44 (full 0):
 garbage-first heap   total 249856K, used 154474K [0x0000000080000000, 0x0000000100000000)
  region size 1024K, 6 young (6144K), 6 survivors (6144K)
 Metaspace       used 101914K, committed 102912K, reserved 557056K
  class space    used 14338K, committed 14784K, reserved 425984K
}
Event: 29.053 GC heap before
{Heap before GC invocations=45 (full 0):
 garbage-first heap   total 275456K, used 204650K [0x0000000080000000, 0x0000000100000000)
  region size 1024K, 55 young (56320K), 6 survivors (6144K)
 Metaspace       used 102897K, committed 103872K, reserved 557056K
  class space    used 14448K, committed 14912K, reserved 425984K
}
Event: 29.060 GC heap after
{Heap after GC invocations=46 (full 0):
 garbage-first heap   total 275456K, used 159381K [0x0000000080000000, 0x0000000100000000)
  region size 1024K, 6 young (6144K), 6 survivors (6144K)
 Metaspace       used 102897K, committed 103872K, reserved 557056K
  class space    used 14448K, committed 14912K, reserved 425984K
}
Event: 29.108 GC heap before
{Heap before GC invocations=46 (full 0):
 garbage-first heap   total 275456K, used 166549K [0x0000000080000000, 0x0000000100000000)
  region size 1024K, 13 young (13312K), 6 survivors (6144K)
 Metaspace       used 102991K, committed 104000K, reserved 557056K
  class space    used 14458K, committed 14976K, reserved 425984K
}
Event: 29.114 GC heap after
{Heap after GC invocations=47 (full 0):
 garbage-first heap   total 275456K, used 159306K [0x0000000080000000, 0x0000000100000000)
  region size 1024K, 2 young (2048K), 2 survivors (2048K)
 Metaspace       used 102991K, committed 104000K, reserved 557056K
  class space    used 14458K, committed 14976K, reserved 425984K
}
Event: 29.709 GC heap before
{Heap before GC invocations=47 (full 0):
 garbage-first heap   total 275456K, used 222794K [0x0000000080000000, 0x0000000100000000)
  region size 1024K, 65 young (66560K), 2 survivors (2048K)
 Metaspace       used 103647K, committed 104640K, reserved 557056K
  class space    used 14535K, committed 15040K, reserved 425984K
}
Event: 29.716 GC heap after
{Heap after GC invocations=48 (full 0):
 garbage-first heap   total 275456K, used 164139K [0x0000000080000000, 0x0000000100000000)
  region size 1024K, 7 young (7168K), 7 survivors (7168K)
 Metaspace       used 103647K, committed 104640K, reserved 557056K
  class space    used 14535K, committed 15040K, reserved 425984K
}
Event: 30.049 GC heap before
{Heap before GC invocations=48 (full 0):
 garbage-first heap   total 275456K, used 224555K [0x0000000080000000, 0x0000000100000000)
  region size 1024K, 67 young (68608K), 7 survivors (7168K)
 Metaspace       used 103653K, committed 104640K, reserved 557056K
  class space    used 14535K, committed 15040K, reserved 425984K
}
Event: 30.056 GC heap after
{Heap after GC invocations=49 (full 0):
 garbage-first heap   total 275456K, used 166473K [0x0000000080000000, 0x0000000100000000)
  region size 1024K, 5 young (5120K), 5 survivors (5120K)
 Metaspace       used 103653K, committed 104640K, reserved 557056K
  class space    used 14535K, committed 15040K, reserved 425984K
}

